<?xml version="1.0" encoding="UTF-8"?>
<!-- Generated by org.testng.reporters.JUnitReportReporter -->
<testsuite skipped="0" hostname="DESKTOP-EC9NRGI" name="Test.BuyingBook" tests="1" failures="0" timestamp="10 Jan 2022 09:33:29 GMT" time="27.390" errors="0">
  <testcase name="addBook" time="27.390" classname="Test.BuyingBook"/>
</testsuite> <!-- Test.BuyingBook -->
