<?xml version="1.0" encoding="UTF-8"?>
<!-- Generated by org.testng.reporters.JUnitReportReporter -->
<testsuite skipped="0" hostname="DESKTOP-EC9NRGI" name="Test.swagorder" tests="4" failures="0" timestamp="11 Jan 2022 09:08:11 GMT" time="31.638" errors="0">
  <testcase name="login" time="24.155" classname="Test.swagorder"/>
  <testcase name="addToCart" time="2.717" classname="Test.swagorder"/>
  <testcase name="checkout" time="3.955" classname="Test.swagorder"/>
  <testcase name="teardown" time="0.811" classname="Test.swagorder"/>
</testsuite> <!-- Test.swagorder -->
