<?xml version="1.0" encoding="UTF-8"?>
<!-- Generated by org.testng.reporters.JUnitReportReporter -->
<testsuite skipped="0" hostname="DESKTOP-EC9NRGI" name="Test.swagorder" tests="1" failures="0" timestamp="10 Jan 2022 09:33:29 GMT" time="6.225" errors="0">
  <testcase name="login" time="6.225" classname="Test.swagorder"/>
</testsuite> <!-- Test.swagorder -->
