<?xml version="1.0" encoding="UTF-8"?>
<!-- Generated by org.testng.reporters.JUnitReportReporter -->
<testsuite skipped="1" hostname="DESKTOP-EC9NRGI" name="Test.BuyingBook" tests="4" failures="0" timestamp="11 Jan 2022 09:08:11 GMT" time="48.989" errors="0">
  <testcase name="addBook" time="35.057" classname="Test.BuyingBook"/>
  <testcase name="viewBasket" time="12.989" classname="Test.BuyingBook"/>
  <testcase name="skippedMethod" time="0.003" classname="Test.BuyingBook">
    <skipped/>
  </testcase> <!-- skippedMethod -->
  <testcase name="exitSite" time="0.940" classname="Test.BuyingBook"/>
</testsuite> <!-- Test.BuyingBook -->
