<?xml version="1.0" encoding="UTF-8"?>
<!-- Generated by org.testng.reporters.JUnitReportReporter -->
<testsuite skipped="0" hostname="DESKTOP-EC9NRGI" name="Test.ApplyCoupunCode" tests="1" failures="0" timestamp="10 Jan 2022 11:42:39 GMT" time="25.621" errors="0">
  <testcase name="addBookToCart" time="25.621" classname="Test.ApplyCoupunCode"/>
</testsuite> <!-- Test.ApplyCoupunCode -->
