<?xml version="1.0" encoding="UTF-8"?>
<!-- Generated by org.testng.reporters.JUnitReportReporter -->
<testsuite skipped="1" hostname="DESKTOP-EC9NRGI" name="Test.BuyingBook" tests="4" failures="0" timestamp="11 Jan 2022 09:20:40 GMT" time="96.304" errors="0">
  <testcase name="addBook" time="84.603" classname="Test.BuyingBook"/>
  <testcase name="viewBasket" time="10.739" classname="Test.BuyingBook"/>
  <testcase name="skippedMethod" time="0.001" classname="Test.BuyingBook">
    <skipped/>
  </testcase> <!-- skippedMethod -->
  <testcase name="exitSite" time="0.961" classname="Test.BuyingBook"/>
</testsuite> <!-- Test.BuyingBook -->
