<?xml version="1.0" encoding="UTF-8"?>
<!-- Generated by org.testng.reporters.JUnitReportReporter -->
<testsuite skipped="0" hostname="DESKTOP-EC9NRGI" name="Test.swagorder" tests="4" failures="0" timestamp="11 Jan 2022 09:20:40 GMT" time="13.699" errors="0">
  <testcase name="login" time="6.118" classname="Test.swagorder"/>
  <testcase name="addToCart" time="2.780" classname="Test.swagorder"/>
  <testcase name="checkout" time="3.994" classname="Test.swagorder"/>
  <testcase name="teardown" time="0.807" classname="Test.swagorder"/>
</testsuite> <!-- Test.swagorder -->
